<?xml version="1.0" encoding="UTF-8"?>
<testsuite name="com.betterclock.data.repository.AlarmRepositoryTest" tests="14" skipped="0" failures="0" errors="0" timestamp="2026-01-13T13:26:01" hostname="MacBookAir.mousses.xyz" time="1.157">
  <properties/>
  <testcase name="insertAlarm calls dao and returns id" classname="com.betterclock.data.repository.AlarmRepositoryTest" time="1.121"/>
  <testcase name="deleteAlarmById calls dao" classname="com.betterclock.data.repository.AlarmRepositoryTest" time="0.003"/>
  <testcase name="getAlarmById returns null for non-existent id" classname="com.betterclock.data.repository.AlarmRepositoryTest" time="0.002"/>
  <testcase name="setAlarmEnabled can be called" classname="com.betterclock.data.repository.AlarmRepositoryTest" time="0.003"/>
  <testcase name="deleteAlarm calls dao" classname="com.betterclock.data.repository.AlarmRepositoryTest" time="0.002"/>
  <testcase name="updateAlarm calls dao with updated timestamp" classname="com.betterclock.data.repository.AlarmRepositoryTest" time="0.007"/>
  <testcase name="getEnabledAlarms returns only enabled alarms" classname="com.betterclock.data.repository.AlarmRepositoryTest" time="0.005"/>
  <testcase name="getAlarmCount returns count from dao" classname="com.betterclock.data.repository.AlarmRepositoryTest" time="0.002"/>
  <testcase name="updateTriggerTime can be called" classname="com.betterclock.data.repository.AlarmRepositoryTest" time="0.001"/>
  <testcase name="getEnabledAlarmsList returns list from dao" classname="com.betterclock.data.repository.AlarmRepositoryTest" time="0.002"/>
  <testcase name="getAllAlarms returns flow from dao" classname="com.betterclock.data.repository.AlarmRepositoryTest" time="0.002"/>
  <testcase name="getAlarmByIdFlow returns flow from dao" classname="com.betterclock.data.repository.AlarmRepositoryTest" time="0.002"/>
  <testcase name="getAlarmById returns alarm from dao" classname="com.betterclock.data.repository.AlarmRepositoryTest" time="0.002"/>
  <testcase name="updateSnoozeCount can be called" classname="com.betterclock.data.repository.AlarmRepositoryTest" time="0.002"/>
  <system-out><![CDATA[]]></system-out>
  <system-err><![CDATA[Mockito is currently self-attaching to enable the inline-mock-maker. This will no longer work in future releases of the JDK. Please add Mockito as an agent to your build what is described in Mockito's documentation: https://javadoc.io/doc/org.mockito/mockito-core/latest/org/mockito/Mockito.html#0.3
WARNING: A Java agent has been loaded dynamically (/Users/petermousses/.gradle/caches/modules-2/files-2.1/net.bytebuddy/byte-buddy-agent/1.15.4/58e850dde88f3cf20f41f659440bef33f6c4fe02/byte-buddy-agent-1.15.4.jar)
WARNING: If a serviceability tool is in use, please run with -XX:+EnableDynamicAgentLoading to hide this warning
WARNING: If a serviceability tool is not in use, please run with -Djdk.instrument.traceUsage for more information
WARNING: Dynamic loading of agents will be disallowed by default in a future release
]]></system-err>
</testsuite>
